<?xml version="1.0" encoding="UTF-8"?>
<testng-results skipped="0" failed="0" total="1" passed="1">
  <reporter-output>
  </reporter-output>
  <suite name="Default suite" duration-ms="44224" started-at="2020-01-08T04:59:09Z" finished-at="2020-01-08T04:59:53Z">
    <groups>
    </groups>
    <test name="Default test" duration-ms="44224" started-at="2020-01-08T04:59:09Z" finished-at="2020-01-08T04:59:53Z">
      <class name="com.qa.tests.FilterTest">
        <test-method status="PASS" signature="setUp()[pri:0, instance:com.qa.tests.FilterTest@6bdf28bb]" name="setUp" is-config="true" duration-ms="23868" started-at="2020-01-08T10:29:09Z" finished-at="2020-01-08T10:29:33Z">
          <reporter-output>
          </reporter-output>
        </test-method> <!-- setUp -->
        <test-method status="PASS" signature="TopologyFilterTest()[pri:0, instance:com.qa.tests.FilterTest@6bdf28bb]" name="TopologyFilterTest" duration-ms="19719" started-at="2020-01-08T10:29:33Z" finished-at="2020-01-08T10:29:53Z">
          <reporter-output>
          </reporter-output>
        </test-method> <!-- TopologyFilterTest -->
        <test-method status="PASS" signature="tearDown()[pri:0, instance:com.qa.tests.FilterTest@6bdf28bb]" name="tearDown" is-config="true" duration-ms="627" started-at="2020-01-08T10:29:53Z" finished-at="2020-01-08T10:29:53Z">
          <reporter-output>
          </reporter-output>
        </test-method> <!-- tearDown -->
      </class> <!-- com.qa.tests.FilterTest -->
    </test> <!-- Default test -->
  </suite> <!-- Default suite -->
</testng-results>
